<?xml version="1.0" encoding="UTF-8"?>
<testng-results skipped="0" failed="0" ignored="0" total="1" passed="1">
  <reporter-output>
  </reporter-output>
  <suite name="Default suite" duration-ms="55695" started-at="2022-06-13T04:25:19Z" finished-at="2022-06-13T04:26:15Z">
    <groups>
    </groups>
    <test name="Default test" duration-ms="55695" started-at="2022-06-13T04:25:19Z" finished-at="2022-06-13T04:26:15Z">
      <class name="Maven_practice.WishListTest">
        <test-method status="PASS" signature="open(java.lang.String)[pri:0, instance:Maven_practice.WishListTest@457e2f02]" name="open" is-config="true" duration-ms="13994" started-at="2022-06-13T09:55:19Z" finished-at="2022-06-13T09:55:33Z">
          <params>
            <param index="0">
              <value>
                <![CDATA[chrome]]>
              </value>
            </param>
          </params>
          <reporter-output>
          </reporter-output>
        </test-method> <!-- open -->
        <test-method status="PASS" signature="test()[pri:0, instance:Maven_practice.WishListTest@457e2f02]" name="test" duration-ms="37760" started-at="2022-06-13T09:55:33Z" finished-at="2022-06-13T09:56:11Z">
          <reporter-output>
          </reporter-output>
        </test-method> <!-- test -->
        <test-method status="PASS" signature="close()[pri:0, instance:Maven_practice.WishListTest@457e2f02]" name="close" is-config="true" duration-ms="3849" started-at="2022-06-13T09:56:11Z" finished-at="2022-06-13T09:56:15Z">
          <reporter-output>
          </reporter-output>
        </test-method> <!-- close -->
      </class> <!-- Maven_practice.WishListTest -->
    </test> <!-- Default test -->
  </suite> <!-- Default suite -->
</testng-results>
